<?xml version="1.0" encoding="UTF-8"?>
<!-- Generated by org.testng.reporters.JUnitReportReporter -->
<testsuite hostname="DESKTOP-IBFU12I" failures="0" tests="3" name="Automation_Practice.handling_alert" time="0.879" errors="1" timestamp="2023-01-01T23:40:42 EST" skipped="2">
  <testcase classname="Automation_Practice.handling_alert" name="Setup" time="0.879">
    <error message="session not created: This version of ChromeDriver only supports Chrome version 104
Current browser version is 108.0.5359.125 with binary path C:\Program Files\Google\Chrome\Application\chrome.exe
Build info: version: &#039;3.8.1&#039;, revision: &#039;6e95a6684b&#039;, time: &#039;2017-12-01T19:05:14.666Z&#039;
System info: host: &#039;DESKTOP-IBFU12I&#039;, ip: &#039;192.168.3.127&#039;, os.name: &#039;Windows 10&#039;, os.arch: &#039;amd64&#039;, os.version: &#039;10.0&#039;, java.version: &#039;17.0.1&#039;
Driver info: driver.version: ChromeDriver
remote stacktrace: Backtrace:
	Ordinal0 [0x007478B3+2193587]
	Ordinal0 [0x006E0681+1771137]
	Ordinal0 [0x005F41A8+803240]
	Ordinal0 [0x00615CC3+941251]
	Ordinal0 [0x006113EF+922607]
	Ordinal0 [0x0060EBC1+912321]
	Ordinal0 [0x006423B0+1123248]
	Ordinal0 [0x0064200A+1122314]
	Ordinal0 [0x0063D5C6+1103302]
	Ordinal0 [0x006177E0+948192]
	Ordinal0 [0x006186E6+952038]
	GetHandleVerifier [0x009F0CB2+2738370]
	GetHandleVerifier [0x009E21B8+2678216]
	GetHandleVerifier [0x007D17AA+512954]
	GetHandleVerifier [0x007D0856+509030]
	Ordinal0 [0x006E743B+1799227]
	Ordinal0 [0x006EBB68+1817448]
	Ordinal0 [0x006EBC55+1817685]
	Ordinal0 [0x006F5230+1856048]
	BaseThreadInitThunk [0x75286BD9+25]
	RtlGetFullPathName_UEx [0x774B8FD2+1218]
	RtlGetFullPathName_UEx [0x774B8F9D+1165]
" type="org.openqa.selenium.SessionNotCreatedException">
      <![CDATA[org.openqa.selenium.SessionNotCreatedException: session not created: This version of ChromeDriver only supports Chrome version 104
Current browser version is 108.0.5359.125 with binary path C:\Program Files\Google\Chrome\Application\chrome.exe
Build info: version: '3.8.1', revision: '6e95a6684b', time: '2017-12-01T19:05:14.666Z'
System info: host: 'DESKTOP-IBFU12I', ip: '192.168.3.127', os.name: 'Windows 10', os.arch: 'amd64', os.version: '10.0', java.version: '17.0.1'
Driver info: driver.version: ChromeDriver
remote stacktrace: Backtrace:
Ordinal0 [0x007478B3+2193587]
Ordinal0 [0x006E0681+1771137]
Ordinal0 [0x005F41A8+803240]
Ordinal0 [0x00615CC3+941251]
Ordinal0 [0x006113EF+922607]
Ordinal0 [0x0060EBC1+912321]
Ordinal0 [0x006423B0+1123248]
Ordinal0 [0x0064200A+1122314]
Ordinal0 [0x0063D5C6+1103302]
Ordinal0 [0x006177E0+948192]
Ordinal0 [0x006186E6+952038]
GetHandleVerifier [0x009F0CB2+2738370]
GetHandleVerifier [0x009E21B8+2678216]
GetHandleVerifier [0x007D17AA+512954]
GetHandleVerifier [0x007D0856+509030]
Ordinal0 [0x006E743B+1799227]
Ordinal0 [0x006EBB68+1817448]
Ordinal0 [0x006EBC55+1817685]
Ordinal0 [0x006F5230+1856048]
BaseThreadInitThunk [0x75286BD9+25]
RtlGetFullPathName_UEx [0x774B8FD2+1218]
RtlGetFullPathName_UEx [0x774B8F9D+1165]

at java.base/jdk.internal.reflect.NativeConstructorAccessorImpl.newInstance0(Native Method)
at java.base/jdk.internal.reflect.NativeConstructorAccessorImpl.newInstance(NativeConstructorAccessorImpl.java:77)
at java.base/jdk.internal.reflect.DelegatingConstructorAccessorImpl.newInstance(DelegatingConstructorAccessorImpl.java:45)
at java.base/java.lang.reflect.Constructor.newInstanceWithCaller(Constructor.java:499)
at java.base/java.lang.reflect.Constructor.newInstance(Constructor.java:480)
at org.openqa.selenium.remote.W3CHandshakeResponse.lambda$new$0(W3CHandshakeResponse.java:57)
at org.openqa.selenium.remote.W3CHandshakeResponse.lambda$getResponseFunction$2(W3CHandshakeResponse.java:104)
at org.openqa.selenium.remote.ProtocolHandshake.lambda$createSession$0(ProtocolHandshake.java:123)
at java.base/java.util.stream.ReferencePipeline$3$1.accept(ReferencePipeline.java:197)
at java.base/java.util.Spliterators$ArraySpliterator.tryAdvance(Spliterators.java:1002)
at java.base/java.util.stream.ReferencePipeline.forEachWithCancel(ReferencePipeline.java:129)
at java.base/java.util.stream.AbstractPipeline.copyIntoWithCancel(AbstractPipeline.java:527)
at java.base/java.util.stream.AbstractPipeline.copyInto(AbstractPipeline.java:513)
at java.base/java.util.stream.AbstractPipeline.wrapAndCopyInto(AbstractPipeline.java:499)
at java.base/java.util.stream.FindOps$FindOp.evaluateSequential(FindOps.java:150)
at java.base/java.util.stream.AbstractPipeline.evaluate(AbstractPipeline.java:234)
at java.base/java.util.stream.ReferencePipeline.findFirst(ReferencePipeline.java:647)
at org.openqa.selenium.remote.ProtocolHandshake.createSession(ProtocolHandshake.java:126)
at org.openqa.selenium.remote.ProtocolHandshake.createSession(ProtocolHandshake.java:73)
at org.openqa.selenium.remote.HttpCommandExecutor.execute(HttpCommandExecutor.java:142)
at org.openqa.selenium.remote.service.DriverCommandExecutor.execute(DriverCommandExecutor.java:83)
at org.openqa.selenium.remote.RemoteWebDriver.execute(RemoteWebDriver.java:601)
at org.openqa.selenium.remote.RemoteWebDriver.startSession(RemoteWebDriver.java:219)
at org.openqa.selenium.remote.RemoteWebDriver.<init>(RemoteWebDriver.java:142)
at org.openqa.selenium.chrome.ChromeDriver.<init>(ChromeDriver.java:181)
at org.openqa.selenium.chrome.ChromeDriver.<init>(ChromeDriver.java:168)
at org.openqa.selenium.chrome.ChromeDriver.<init>(ChromeDriver.java:123)
at Automation_Practice.handling_alert.Setup(handling_alert.java:28)
at java.base/jdk.internal.reflect.NativeMethodAccessorImpl.invoke0(Native Method)
at java.base/jdk.internal.reflect.NativeMethodAccessorImpl.invoke(NativeMethodAccessorImpl.java:77)
at java.base/jdk.internal.reflect.DelegatingMethodAccessorImpl.invoke(DelegatingMethodAccessorImpl.java:43)
at java.base/java.lang.reflect.Method.invoke(Method.java:568)
at org.testng.internal.MethodInvocationHelper.invokeMethod(MethodInvocationHelper.java:133)
at org.testng.internal.MethodInvocationHelper.invokeMethodConsideringTimeout(MethodInvocationHelper.java:62)
at org.testng.internal.ConfigInvoker.invokeConfigurationMethod(ConfigInvoker.java:385)
at org.testng.internal.ConfigInvoker.invokeConfigurations(ConfigInvoker.java:321)
at org.testng.TestRunner.invokeTestConfigurations(TestRunner.java:637)
at org.testng.TestRunner.beforeRun(TestRunner.java:627)
at org.testng.TestRunner.run(TestRunner.java:589)
at org.testng.SuiteRunner.runTest(SuiteRunner.java:377)
at org.testng.SuiteRunner.runSequentially(SuiteRunner.java:371)
at org.testng.SuiteRunner.privateRun(SuiteRunner.java:332)
at org.testng.SuiteRunner.run(SuiteRunner.java:276)
at org.testng.SuiteRunnerWorker.runSuite(SuiteRunnerWorker.java:53)
at org.testng.SuiteRunnerWorker.run(SuiteRunnerWorker.java:96)
at org.testng.TestNG.runSuitesSequentially(TestNG.java:1212)
at org.testng.TestNG.runSuitesLocally(TestNG.java:1134)
at org.testng.TestNG.runSuites(TestNG.java:1063)
at org.testng.TestNG.run(TestNG.java:1031)
at org.testng.remote.AbstractRemoteTestNG.run(AbstractRemoteTestNG.java:115)
at org.testng.remote.RemoteTestNG.initAndRun(RemoteTestNG.java:251)
at org.testng.remote.RemoteTestNG.main(RemoteTestNG.java:77)
]]>
    </error>
  </testcase> <!-- Setup -->
  <system-out/>
  <testcase classname="Automation_Practice.handling_alert" name="name" time="0.000">
    <skipped/>
  </testcase> <!-- name -->
  <system-out/>
  <testcase classname="Automation_Practice.handling_alert" name="closingBrowser" time="0.000">
    <skipped/>
  </testcase> <!-- closingBrowser -->
  <system-out/>
</testsuite> <!-- Automation_Practice.handling_alert -->
